<?xml version="1.0" encoding="utf-8" standalone="no"?>
<!--This file represents the results of running a test suite-->
<test-results name="/home/kommusoft/Projects/magicengine/OrdinaryEngine/bin/Debug/OrdinaryEngine.dll" total="1" errors="0" failures="0" not-run="0" inconclusive="0" ignored="0" skipped="0" invalid="0" date="2014-02-21" time="23:54:48">
  <environment nunit-version="2.6.0.0" clr-version="4.0.30319.1" os-version="Unix 3.11.0.17" platform="Unix" cwd="/home/kommusoft/Projects/magicengine" machine-name="sheldon" user="kommusoft" user-domain="sheldon" />
  <culture-info current-culture="en-US" current-uiculture="en-US" />
  <test-suite type="Assembly" name="/home/kommusoft/Projects/magicengine/OrdinaryEngine/bin/Debug/OrdinaryEngine.dll" executed="True" result="Success" success="True" time="0.023" asserts="0">
    <results>
      <test-suite type="Namespace" name="OrdinaryEngine" executed="True" result="Success" success="True" time="0.018" asserts="0">
        <results>
          <test-suite type="TestFixture" name="Test" executed="True" result="Success" success="True" time="0.017" asserts="0">
            <results>
              <test-case name="OrdinaryEngine.Test.TestCase" executed="True" result="Success" success="True" time="0.013" asserts="0" />
            </results>
          </test-suite>
        </results>
      </test-suite>
    </results>
  </test-suite>
</test-results>